"../../../Engine/Content/Animation/DefaultAnimCurveCompressionSettings.uasset" 0
"../../../Engine/Content/ArtTools/RenderToTexture/Enums/RenderToTexture_Enum.uasset" 1
"../../../Engine/Content/ArtTools/RenderToTexture/Enums/RenderToTexture_Flipbook_Enum.uasset" 2
"../../../Engine/Content/ArtTools/RenderToTexture/Enums/RenderToTexture_Imposter_Enum.uasset" 3
"../../../Engine/Content/EditorBlueprintResources/StandardMacros.uasset" 4
"../../../Engine/Content/ArtTools/RenderToTexture/Enums/EIntTypes.uasset" 5
"../../../Engine/Content/ArtTools/RenderToTexture/Macros/RenderToTextureFunctionLibrary.uasset" 6
"../../../Engine/Content/ArtTools/RenderToTexture/Enums/EFloatTypes.uasset" 7
"../../../Engine/Content/ArtTools/RenderToTexture/Macros/RenderToTextureMacros.uasset" 8
"../../../Engine/Content/Functions/Engine_MaterialFunctions01/Opacity/CameraDepthFade.uasset" 9
"../../../Engine/Content/EngineMaterials/T_Default_Material_Grid_M.uasset" 10
"../../../Engine/Content/EngineMaterials/T_Default_Material_Grid_N.uasset" 11
"../../../Engine/Content/EngineMaterials/WorldGridMaterial.uasset" 12
"../../../Engine/Content/ArtTools/RenderToTexture/Meshes/S_1_Unit_Plane.uasset" 13
"../../../Engine/Content/EngineMaterials/DefaultMaterial.uasset" 14
"../../../Engine/Content/BasicShapes/Cone.uasset" 15
"../../../Engine/Content/BasicShapes/Plane.uasset" 16
"../../../Engine/Content/BasicShapes/Sphere.uasset" 17
"../../../Engine/Content/EngineMaterials/DefaultPhysicalMaterial.uasset" 18
"../../../Engine/Content/BufferVisualization/AmbientOcclusion.uasset" 19
"../../../Engine/Content/BufferVisualization/BaseColor.uasset" 20
"../../../Engine/Content/BufferVisualization/CustomDepth.uasset" 21
"../../../Engine/Content/Functions/Engine_MaterialFunctions02/Utility/VectorLength.uasset" 22
"../../../Engine/Content/BufferVisualization/CustomDepthWorldUnits.uasset" 23
"../../../Engine/Content/Functions/Engine_MaterialFunctions02/Utility/BreakOutFloat2Components.uasset" 24
"../../../Engine/Content/Functions/Engine_MaterialFunctions01/Texturing/ScaleUVsByCenter.uasset" 25
"../../../Engine/Content/Functions/Engine_MaterialFunctions02/ScreenResolution.uasset" 26
"../../../Engine/Content/Functions/Engine_MaterialFunctions02/Texturing/ScreenAlignedUVs.uasset" 27
"../../../Engine/Content/Functions/Engine_MaterialFunctions02/Utility/MakeFloat2.uasset" 28
"../../../Engine/Content/Functions/Engine_MaterialFunctions02/Utility/MakeFloat3.uasset" 29
"../../../Engine/Content/EngineMaterials/MiniFont.uasset" 30
"../../../Engine/Content/BufferVisualization/CustomStencil.uasset" 31
"../../../Engine/Content/BufferVisualization/FinalImage.uasset" 32
"../../../Engine/Content/BufferVisualization/LightingModel.uasset" 33
"../../../Engine/Content/BufferVisualization/MaterialAO.uasset" 34
"../../../Engine/Content/BufferVisualization/Metallic.uasset" 35
"../../../Engine/Content/BufferVisualization/Opacity.uasset" 36
"../../../Engine/Content/BufferVisualization/PostTonemapHDRColor.uasset" 37
"../../../Engine/Content/BufferVisualization/PreTonemapHDRColor.uasset" 38
"../../../Engine/Content/BufferVisualization/Roughness.uasset" 39
"../../../Engine/Content/BufferVisualization/SceneColor.uasset" 40
"../../../Engine/Content/BufferVisualization/SceneDepth.uasset" 41
"../../../Engine/Content/BufferVisualization/SceneDepthWorldUnits.uasset" 42
"../../../Engine/Content/BufferVisualization/SeparateTranslucencyA.uasset" 43
"../../../Engine/Content/BufferVisualization/SeparateTranslucencyRGB.uasset" 44
"../../../Engine/Content/BufferVisualization/Specular.uasset" 45
"../../../Engine/Content/BufferVisualization/SubsurfaceColor.uasset" 46
"../../../Engine/Content/BufferVisualization/Velocity.uasset" 47
"../../../Engine/Content/BufferVisualization/WorldNormal.uasset" 48
"../../../Engine/Content/EditorBlueprintResources/ActorMacros.uasset" 49
"../../../Engine/Content/EditorLandscapeResources/DataLayer.uasset" 50
"../../../Engine/Content/EditorLandscapeResources/DefaultAlphaTexture.uasset" 51
"../../../Engine/Content/EditorLandscapeResources/LandscapeGizmoHeight_Mat.uasset" 52
"../../../Engine/Content/EditorLandscapeResources/LandscapeGizmo_Mat.uasset" 53
"../../../Engine/Content/EditorLandscapeResources/LandscapeGizmo_Mat_Copied.uasset" 54
"../../../Engine/Content/EditorLandscapeResources/SplineEditorMeshMat.uasset" 55
"../../../Engine/Content/EditorLandscapeResources/SplineEditorMesh.uasset" 56
"../../../Engine/Content/EditorMaterials/Cross.uasset" 57
"../../../Engine/Content/EditorMaterials/Cross_Mat.uasset" 58
"../../../Engine/Content/EditorMaterials/GizmoMaterial.uasset" 59
"../../../Engine/Content/Functions/Engine_MaterialFunctions02/ExampleContent/Textures/flipbook.uasset" 60
"../../../Engine/Content/Functions/Engine_MaterialFunctions02/Texturing/FlipBook.uasset" 61
"../../../Engine/Content/Functions/Engine_MaterialFunctions02/Utility/Sign.uasset" 62
"../../../Engine/Content/Functions/Engine_MaterialFunctions02/Utility/Round.uasset" 63
"../../../Engine/Content/EditorResources/T_EditorHelp.uasset" 64
"../../../Engine/Content/EditorMaterials/HelpActorMaterial.uasset" 65
"../../../Engine/Content/EditorMaterials/CompositeARGBLayer.uasset" 66
"../../../Engine/Content/EditorMaterials/TilingAALineIntegral.uasset" 67
"../../../Engine/Content/EditorMaterials/TilingAALineBoxFiltered.uasset" 68
"../../../Engine/Content/Functions/Engine_MaterialFunctions03/Procedurals/ComputeFilterWidth.uasset" 69
"../../../Engine/Content/EditorMaterials/TilingAADots.uasset" 70
"../../../Engine/Content/EngineMaterials/BlendFunc_DefBase.uasset" 71
"../../../Engine/Content/EngineMaterials/BlendFunc_DefBlend.uasset" 72
"../../../Engine/Content/Functions/Engine_MaterialFunctions03/Blends/Blend_Screen.uasset" 73
"../../../Engine/Content/EditorMaterials/TilingAAGrid.uasset" 74
"../../../Engine/Content/EditorMaterials/LevelGridMaterial.uasset" 75
"../../../Engine/Content/EditorMaterials/MakeCompositeARGBLayer.uasset" 76
"../../../Engine/Content/EditorResources/LevelGrid1DStripes.uasset" 77
"../../../Engine/Content/EditorMaterials/TextureGridCascaded1D.uasset" 78
"../../../Engine/Content/EditorMaterials/TextureGridCascaded2D.uasset" 79
"../../../Engine/Content/EditorMaterials/LevelGridMaterial2.uasset" 80
"../../../Engine/Content/EditorMaterials/MAT_Groups_Toggle.uasset" 81
"../../../Engine/Content/EditorMaterials/MAT_Groups_Visibility.uasset" 82
"../../../Engine/Content/EditorMaterials/AntialiasedGridFloor.uasset" 83
"../../../Engine/Content/EditorResources/TilePatine_D.uasset" 84
"../../../Engine/Content/EditorResources/TilePatine_N.uasset" 85
"../../../Engine/Content/EngineMaterials/Grid.uasset" 86
"../../../Engine/Content/EditorMaterials/PersonaFloorMat.uasset" 87
"../../../Engine/Content/EditorMaterials/PhAT_BoneSelectedMaterial.uasset" 88
"../../../Engine/Content/EditorMaterials/PhAT_ElemSelectedMaterial.uasset" 89
"../../../Engine/Content/EditorMaterials/PhAT_NoCollisionMaterial.uasset" 90
"../../../Engine/Content/EditorMaterials/PhAT_UnselectedMaterial.uasset" 91
"../../../Engine/Content/EditorMaterials/PreviewShadowIndicator.uasset" 92
"../../../Engine/Content/EditorMaterials/PreviewShadowIndicatorMaterial.uasset" 93
"../../../Engine/Content/EditorMaterials/TargetIcon.uasset" 94
"../../../Engine/Content/EditorMaterials/Tick.uasset" 95
"../../../Engine/Content/EditorMaterials/Tick_Mat.uasset" 96
"../../../Engine/Content/EditorMaterials/WidgetGridVertexColorMaterial.uasset" 97
"../../../Engine/Content/EditorMaterials/WidgetGridVertexColorMaterial_Ma.uasset" 98
"../../../Engine/Content/EditorMaterials/WidgetMaterial.uasset" 99
"../../../Engine/Content/EditorMaterials/WidgetMaterial_Current.uasset" 100
"../../../Engine/Content/EditorMaterials/WidgetMaterial_X.uasset" 101
"../../../Engine/Content/EditorMaterials/WidgetMaterial_Y.uasset" 102
"../../../Engine/Content/EditorMaterials/WidgetMaterial_Z.uasset" 103
"../../../Engine/Content/EditorMaterials/WidgetVertexColorMaterial.uasset" 104
"../../../Engine/Content/EditorMaterials/AssetViewer/EpicQuadPanorama_CC+EV1.uasset" 105
"../../../Engine/Content/MapTemplates/Sky/SunsetAmbientCubemap.uasset" 106
"../../../Engine/Content/EditorMaterials/AssetViewer/M_SkyBox.uasset" 107
"../../../Engine/Content/EditorMaterials/MatineeGroups/MAT_ColorTrack.uasset" 108
"../../../Engine/Content/EditorMaterials/MatineeGroups/MAT_Groups_Anim.uasset" 109
"../../../Engine/Content/EditorMaterials/MatineeGroups/MAT_Groups_AudioMaster.uasset" 110
"../../../Engine/Content/EditorMaterials/MatineeGroups/MAT_Groups_Director.uasset" 111
"../../../Engine/Content/EditorMaterials/MatineeGroups/MAT_Groups_Event.uasset" 112
"../../../Engine/Content/EditorMaterials/MatineeGroups/MAT_Groups_Fade.uasset" 113
"../../../Engine/Content/EditorMaterials/MatineeGroups/MAT_Groups_Float.uasset" 114
"../../../Engine/Content/EditorMaterials/MatineeGroups/MAT_Groups_Move.uasset" 115
"../../../Engine/Content/EditorMaterials/MatineeGroups/MAT_Groups_Slomo.uasset" 116
"../../../Engine/Content/EditorMaterials/MatineeGroups/MAT_Groups_Sound.uasset" 117
"../../../Engine/Content/EditorMaterials/MatineeGroups/MAT_Groups_Vector.uasset" 118
"../../../Engine/Content/EditorMaterials/ParticleSystems/PSysThumbnail_NoImage.uasset" 119
"../../../Engine/Content/EditorMaterials/ParticleSystems/PSysThumbnail_OOD.uasset" 120
"../../../Engine/Content/EditorMaterials/Thumbnails/FloorPlaneMaterial.uasset" 121
"../../../Engine/Content/EditorMeshes/EditorCube.uasset" 122
"../../../Engine/Content/EditorMeshes/EditorCylinder.uasset" 123
"../../../Engine/Content/EditorMeshes/EditorPlane.uasset" 124
"../../../Engine/Content/EditorMaterials/Thumbnails/SkySphereMaterial.uasset" 125
"../../../Engine/Content/EditorMeshes/EditorSkySphere.uasset" 126
"../../../Engine/Content/EditorMeshes/EditorSphere.uasset" 127
"../../../Engine/Content/EditorResources/MatineeCam_D.uasset" 128
"../../../Engine/Content/EditorMaterials/MatineeCam_mat.uasset" 129
"../../../Engine/Content/EditorMeshes/MatineeCam_SM.uasset" 130
"../../../Engine/Content/Functions/Engine_MaterialFunctions01/Shading/ConvertFromDiffSpec.uasset" 131
"../../../Engine/Content/EditorMaterials/GridMaterial.uasset" 132
"../../../Engine/Content/EditorMeshes/PhAT_FloorBox.uasset" 133
"../../../Engine/Content/EditorMeshes/PlanarReflectionPlane.uasset" 134
"../../../Engine/Content/EditorMeshes/AssetViewer/Floor_Mesh.uasset" 135
"../../../Engine/Content/EditorMeshes/AssetViewer/Sphere_inversenormals.uasset" 136
"../../../Engine/Content/EditorMaterials/Camera/CineMat.uasset" 137
"../../../Engine/Content/EditorMaterials/Camera/MI_CineMat_CameraBody.uasset" 138
"../../../Engine/Content/EngineDebugMaterials/M_SimpleOpaque.uasset" 139
"../../../Engine/Content/EditorMaterials/Camera/MI_CineMat_CamViewFinder.uasset" 140
"../../../Engine/Content/EditorMeshes/Camera/SM_CineCam.uasset" 141
"../../../Engine/Content/EditorMaterials/Camera/MI_CineMat_Rig.uasset" 142
"../../../Engine/Content/EditorMeshes/Camera/SM_CraneRig_Arm.uasset" 143
"../../../Engine/Content/EditorMeshes/Camera/SM_CraneRig_Base.uasset" 144
"../../../Engine/Content/EditorMeshes/Camera/SM_CraneRig_Body.uasset" 145
"../../../Engine/Content/EditorMeshes/Camera/SM_CraneRig_Mount.uasset" 146
"../../../Engine/Content/EditorMeshes/Camera/SM_RailRig_Mount.uasset" 147
"../../../Engine/Content/EditorMeshes/Camera/SM_RailRig_Track.uasset" 148
"../../../Engine/Content/EditorMeshes/ColorCalibrator/M_ChromeBall.uasset" 149
"../../../Engine/Content/EditorResources/Bad.uasset" 150
"../../../Engine/Content/EditorResources/BSPVertex.uasset" 151
"../../../Engine/Content/EditorResources/EmptyActor.uasset" 152
"../../../Engine/Content/EditorResources/MatInstActSprite.uasset" 153
"../../../Engine/Content/EditorResources/SceneManager.uasset" 154
"../../../Engine/Content/EditorResources/SimplygonLogo.uasset" 155
"../../../Engine/Content/EditorResources/SmallFont.uasset" 156
"../../../Engine/Content/EditorResources/S_Actor.uasset" 157
"../../../Engine/Content/EditorResources/S_DecalActorIcon.uasset" 158
"../../../Engine/Content/EditorResources/S_Emitter.uasset" 159
"../../../Engine/Content/EditorResources/S_ExpoHeightFog.uasset" 160
"../../../Engine/Content/EditorResources/S_FTest.uasset" 161
"../../../Engine/Content/EditorResources/S_KBSJoint.uasset" 162
"../../../Engine/Content/EditorResources/S_KHinge.uasset" 163
"../../../Engine/Content/EditorResources/S_KPrismatic.uasset" 164
"../../../Engine/Content/EditorResources/S_LevelSequence.uasset" 165
"../../../Engine/Content/EditorResources/S_NavP.uasset" 166
"../../../Engine/Content/EditorResources/S_Note.uasset" 167
"../../../Engine/Content/EditorResources/S_Player.uasset" 168
"../../../Engine/Content/EditorResources/S_PortalActorIcon2.uasset" 169
"../../../Engine/Content/EditorResources/S_RadForce.uasset" 170
"../../../Engine/Content/EditorResources/S_ReflActorIcon.uasset" 171
"../../../Engine/Content/EditorResources/S_Terrain.uasset" 172
"../../../Engine/Content/EditorResources/S_TextRenderActorIcon.uasset" 173
"../../../Engine/Content/EditorResources/S_Thruster.uasset" 174
"../../../Engine/Content/EditorResources/S_Trigger.uasset" 175
"../../../Engine/Content/EditorResources/S_VectorFieldVol.uasset" 176
"../../../Engine/Content/EditorResources/S_WindDirectional.uasset" 177
"../../../Engine/Content/EditorResources/AI/S_NavLink.uasset" 178
"../../../Engine/Content/EditorResources/LightIcons/SkyLight.uasset" 179
"../../../Engine/Content/EditorResources/LightIcons/S_LightDirectional.uasset" 180
"../../../Engine/Content/EditorResources/LightIcons/S_LightDirectionalMove.uasset" 181
"../../../Engine/Content/EditorResources/LightIcons/S_LightError.uasset" 182
"../../../Engine/Content/EditorResources/LightIcons/S_LightPoint.uasset" 183
"../../../Engine/Content/EditorResources/LightIcons/S_LightPointMove.uasset" 184
"../../../Engine/Content/EditorResources/LightIcons/S_LightSpot.uasset" 185
"../../../Engine/Content/EditorResources/LightIcons/S_LightSpotMove.uasset" 186
"../../../Engine/Content/EditorResources/SequenceRecorder/Countdown.uasset" 187
"../../../Engine/Content/EditorResources/SequenceRecorder/RecordingIndicator.uasset" 188
"../../../Engine/Content/EditorResources/Spline/T_Loft_Spline.uasset" 189
"../../../Engine/Content/EditorSounds/GamePreview/PossessPlayer.uasset" 190
"../../../Engine/Content/EditorSounds/GamePreview/PossessPlayer_Cue.uasset" 191
"../../../Engine/Content/EditorSounds/Notifications/CompileFailed.uasset" 192
"../../../Engine/Content/EditorSounds/Notifications/CompileFailed_Cue.uasset" 193
"../../../Engine/Content/EditorSounds/Notifications/CompileSuccess.uasset" 194
"../../../Engine/Content/EditorSounds/Notifications/CompileStart_Cue.uasset" 195
"../../../Engine/Content/EditorSounds/Notifications/CompileSuccess_Cue.uasset" 196
"../../../Engine/Content/EngineDamageTypes/DmgTypeBP_Environmental.uasset" 197
"../../../Engine/Content/EngineDebugMaterials/HeatmapGradient.uasset" 198
"../../../Engine/Content/EngineDebugMaterials/BoneWeightMaterial.uasset" 199
"../../../Engine/Content/EngineDebugMaterials/ClothMaterial.uasset" 200
"../../../Engine/Content/EngineDebugMaterials/ClothMaterial_WF.uasset" 201
"../../../Engine/Content/EngineDebugMaterials/DebugEditorMaterial.uasset" 202
"../../../Engine/Content/EngineDebugMaterials/DebugMeshMaterial.uasset" 203
"../../../Engine/Content/EngineDebugMaterials/GeomMaterial.uasset" 204
"../../../Engine/Content/EngineDebugMaterials/LevelColorationLitMaterial.uasset" 205
"../../../Engine/Content/EngineDebugMaterials/LevelColorationUnlitMaterial.uasset" 206
"../../../Engine/Content/EngineMaterials/DefaultWhiteGrid.uasset" 207
"../../../Engine/Content/EngineDebugMaterials/MAT_LevelColorationLitLightmapUV.uasset" 208
"../../../Engine/Content/EngineDebugMaterials/M_SimpleTranslucent.uasset" 209
"../../../Engine/Content/EngineDebugMaterials/ShadedLevelColorationLitMaterial.uasset" 210
"../../../Engine/Content/EngineDebugMaterials/ShadedLevelColorationUnlitMateri.uasset" 211
"../../../Engine/Content/EngineDebugMaterials/VertexColorMaterial.uasset" 212
"../../../Engine/Content/EngineDebugMaterials/VertexColorViewMode_AlphaAsColor.uasset" 213
"../../../Engine/Content/EngineDebugMaterials/VertexColorViewMode_BlueOnly.uasset" 214
"../../../Engine/Content/EngineDebugMaterials/VertexColorViewMode_ColorOnly.uasset" 215
"../../../Engine/Content/EngineDebugMaterials/VertexColorViewMode_GreenOnly.uasset" 216
"../../../Engine/Content/EngineDebugMaterials/VertexColorViewMode_RedOnly.uasset" 217
"../../../Engine/Content/EngineDebugMaterials/WireframeMaterial.uasset" 218
"../../../Engine/Content/EngineFonts/Faces/RobotoBold.uasset" 219
"../../../Engine/Content/EngineFonts/Faces/RobotoBoldItalic.uasset" 220
"../../../Engine/Content/EngineFonts/Faces/RobotoItalic.uasset" 221
"../../../Engine/Content/EngineFonts/Faces/RobotoLight.uasset" 222
"../../../Engine/Content/EngineFonts/Faces/RobotoRegular.uasset" 223
"../../../Engine/Content/EngineFonts/Roboto.uasset" 224
"../../../Engine/Content/EngineFonts/Faces/RobotoTiny.uasset" 225
"../../../Engine/Content/EngineFonts/RobotoTiny.uasset" 226
"../../../Engine/Content/EngineFonts/SmallFont.uasset" 227
"../../../Engine/Content/EngineFonts/TinyFont.uasset" 228
"../../../Engine/Content/EngineMaterials/BaseFlattenDiffuseMap.uasset" 229
"../../../Engine/Content/EngineMaterials/BaseFlattenEmissiveMap.uasset" 230
"../../../Engine/Content/EngineMaterials/BaseFlattenGrayscaleMap.uasset" 231
"../../../Engine/Content/EngineMaterials/BaseFlattenNormalMap.uasset" 232
"../../../Engine/Content/EngineMaterials/BaseFlattenMaterial.uasset" 233
"../../../Engine/Content/EngineResources/WhiteSquareTexture.uasset" 234
"../../../Engine/Content/EngineMaterials/BlinkingCaret.uasset" 235
"../../../Engine/Content/EngineMaterials/DefaultBloomKernel.uasset" 236
"../../../Engine/Content/EngineMaterials/DefaultBokeh.uasset" 237
"../../../Engine/Content/EngineMaterials/DefaultDiffuse.uasset" 238
"../../../Engine/Content/EngineMaterials/DefaultDeferredDecalMaterial.uasset" 239
"../../../Engine/Content/EngineMaterials/DefaultLightFunctionMaterial.uasset" 240
"../../../Engine/Content/EngineMaterials/DefaultNormal.uasset" 241
"../../../Engine/Content/EngineMaterials/DefaultPostProcessMaterial.uasset" 242
"../../../Engine/Content/EngineFonts/RobotoDistanceField.uasset" 243
"../../../Engine/Content/EngineMaterials/DefaultTextMaterialOpaque.uasset" 244
"../../../Engine/Content/EngineMaterials/EditorBrushMaterial.uasset" 245
"../../../Engine/Content/EngineMaterials/Good64x64TilingNoiseHighFreq.uasset" 246
"../../../Engine/Content/EngineMaterials/Grid_N.uasset" 247
"../../../Engine/Content/EngineMaterials/HighResolutionScreenshotMaskFunction.uasset" 248
"../../../Engine/Content/EngineMaterials/HighResScreenshot.uasset" 249
"../../../Engine/Content/EngineMaterials/HighResScreenshotCaptureRegion.uasset" 250
"../../../Engine/Content/EngineMaterials/HighResScreenshotMask.uasset" 251
"../../../Engine/Content/EngineMaterials/LandscapeHolePhysicalMaterial.uasset" 252
"../../../Engine/Content/EngineMaterials/InvalidLightmapSettings.uasset" 253
"../../../Engine/Content/EngineMaterials/M_InvalidLightmapSettings.uasset" 254
"../../../Engine/Content/EngineMaterials/PaperDiffuse.uasset" 255
"../../../Engine/Content/EngineMaterials/PaperNormal.uasset" 256
"../../../Engine/Content/Functions/Engine_MaterialFunctions02/WorldPositionOffset/CameraOffset.uasset" 257
"../../../Engine/Content/EngineMaterials/PhAT_JointLimitMaterial.uasset" 258
"../../../Engine/Content/EngineMaterials/PhysMat_Rubber.uasset" 259
"../../../Engine/Content/EngineMaterials/PreintegratedSkinBRDF.uasset" 260
"../../../Engine/Content/EngineMaterials/RemoveSurfaceMaterial.uasset" 261
"../../../Engine/Content/EngineMaterials/WeightMapPlaceholderTexture.uasset" 262
"../../../Engine/Content/EngineMaterials/Widget3DPassThrough.uasset" 263
"../../../Engine/Content/EngineMaterials/Widget3DPassThrough_Masked.uasset" 264
"../../../Engine/Content/EngineMaterials/Widget3DPassThrough_Opaque.uasset" 265
"../../../Engine/Content/EngineMaterials/Widget3DPassThrough_Masked_OneSided.uasset" 266
"../../../Engine/Content/EngineMaterials/Widget3DPassThrough_Opaque_OneSided.uasset" 267
"../../../Engine/Content/EngineMaterials/Widget3DPassThrough_Translucent.uasset" 268
"../../../Engine/Content/EngineMaterials/Widget3DPassThrough_Translucent_OneSided.uasset" 269
"../../../Engine/Content/EngineMeshes/Cube.uasset" 270
"../../../Engine/Content/EngineMeshes/Cylinder.uasset" 271
"../../../Engine/Content/EngineMeshes/Sphere.uasset" 272
"../../../Engine/Content/EngineResources/Black.uasset" 273
"../../../Engine/Content/EngineResources/DefaultTexture.uasset" 274
"../../../Engine/Content/EngineResources/DefaultTextureCube.uasset" 275
"../../../Engine/Content/EngineResources/DefaultVolumeTexture2D.uasset" 276
"../../../Engine/Content/EngineResources/DefaultVolumeTexture.uasset" 277
"../../../Engine/Content/EngineResources/GradientTexture0.uasset" 278
"../../../Engine/Content/EngineResources/StreamingPauseIcon.uasset" 279
"../../../Engine/Content/EngineResources/M_StreamingPause.uasset" 280
"../../../Engine/Content/EngineSounds/Master.uasset" 281
"../../../Engine/Content/Functions/Engine_MaterialFunctions01/Shading/PowerToRoughness.uasset" 282
"../../../Engine/Content/Maps/Templates/Thumbnails/Default.uasset" 283
"../../../Engine/Content/Maps/Templates/Thumbnails/VR-Basic.uasset" 284
"../../../Engine/Content/MapTemplates/Sky/DaylightAmbientCubemap.uasset" 285
"../../../Engine/Content/MobileResources/T_MobileControls_texture.uasset" 286
"../../../Engine/Content/MobileResources/T_MobileMenu2.uasset" 287
"../../../Engine/Content/MobileResources/HUD/AnalogHat.uasset" 288
"../../../Engine/Content/MobileResources/HUD/VirtualJoystick_Background.uasset" 289
"../../../Engine/Content/MobileResources/HUD/VirtualJoystick_Thumb.uasset" 290
"../../../Engine/Content/MobileResources/HUD/DefaultVirtualJoysticks.uasset" 291
"../../../Engine/Content/MobileResources/HUD/LeftVirtualJoystickOnly.uasset" 292
"../../../Engine/Content/MobileResources/HUD/MobileHUDButton1_off.uasset" 293
"../../../Engine/Content/MobileResources/HUD/MobileHUDButton1_on.uasset" 294
"../../../Engine/Content/MobileResources/HUD/MobileHUDButton2_off.uasset" 295
"../../../Engine/Content/MobileResources/HUD/MobileHUDButton2_on.uasset" 296
"../../../Engine/Content/MobileResources/HUD/MobileHUDButton3.uasset" 297
"../../../Engine/Content/MobileResources/HUD/MobileHUDButtonFire.uasset" 298
"../../../Engine/Content/MobileResources/HUD/MobileHUDDirectionPad.uasset" 299
"../../../Engine/Content/MobileResources/HUD/MobileHUDDirectionPad2.uasset" 300
"../../../Engine/Content/MobileResources/HUD/MobileHUDDirectionPad3.uasset" 301
"../../../Engine/Content/MobileResources/HUD/MobileHUDDirectionStick.uasset" 302
"../../../Engine/Content/MobileResources/HUD/T_Castle_ThumbstickInner.uasset" 303
"../../../Engine/Content/MobileResources/HUD/T_Castle_ThumbstickOutter.uasset" 304
"../../../Engine/Content/Tutorial/ContentIntroCurve.uasset" 305
"../../../Engine/Content/Tutorial/Basics/LevelEditorAttract.uasset" 306
"../../../Engine/Content/Tutorial/Basics/TutorialAssets/icon_tab_Levels_40x.uasset" 307
"../../../Engine/Content/Tutorial/Basics/LevelEditorOverview.uasset" 308
"../../../Engine/Content/Tutorial/BlueprintTutorials/TutorialAssets/Blueprint_64x.uasset" 309
"../../../Engine/Content/Tutorial/BlueprintTutorials/BlueprintEditorTutorial.uasset" 310
"../../../Engine/Content/Tutorial/BlueprintTutorials/TutorialAssets/Tutorial_BP_MacroLib.uasset" 311
"../../../Engine/Content/Tutorial/SubEditors/StaticMeshEditorTutorial.uasset" 312
"../../../Engine/Content/VREditor/LaserPointer/VR_LaserPower_01.uasset" 313
"../../../Engine/Content/VREditor/TransformGizmo/TransformGizmoMaterial.uasset" 314
"../../../Engine/Content/VREditor/TransformGizmo/TranslucentTransformGizmoMaterial.uasset" 315
"../../../Engine/Content/VREditor/TransformGizmo/BoundingBoxCorner.uasset" 316
"../../../Engine/Content/VREditor/TransformGizmo/BoundingBoxEdge.uasset" 317
"../../../Engine/Content/VREditor/TransformGizmo/PlaneTranslationHandle.uasset" 318
"../../../Engine/Content/VREditor/TransformGizmo/Main.uasset" 319
"../../../Engine/Content/VREditor/TransformGizmo/Xray.uasset" 320
"../../../Engine/Content/VREditor/TransformGizmo/SM_Sequencer_Key.uasset" 321
"../../../Engine/Content/VREditor/TransformGizmo/SM_Sequencer_Node.uasset" 322
"../../../../../../Users/peter/Documents/Unreal Projects/MagDoll/Content/Character/main_tpose_Skeleton.uasset" 323
"../../../../../../Users/peter/Documents/Unreal Projects/MagDoll/Content/Artwork/Animation/Main_Anim/main_idle.uasset" 324
"../../../../../../Users/peter/Documents/Unreal Projects/MagDoll/Content/Artwork/Animation/Main_Anim/main_Jump.uasset" 325
"../../../../../../Users/peter/Documents/Unreal Projects/MagDoll/Content/Artwork/Animation/Main_Anim/main_punch.uasset" 326
"../../../../../../Users/peter/Documents/Unreal Projects/MagDoll/Content/Artwork/Animation/Main_Anim/Main_run.uasset" 327
"../../../../../../Users/peter/Documents/Unreal Projects/MagDoll/Content/Character/Char_Anim.uasset" 328
"../../../../../../Users/peter/Documents/Unreal Projects/MagDoll/Content/Artwork/Animation/Main_Anim/main_death.uasset" 329
"../../../../../../Users/peter/Documents/Unreal Projects/MagDoll/Content/Character/miniBoss1_tpose_Skeleton.uasset" 330
"../../../../../../Users/peter/Documents/Unreal Projects/MagDoll/Content/Artwork/Animation/miniBoss1_anim/miniBoss1_idle.uasset" 331
"../../../../../../Users/peter/Documents/Unreal Projects/MagDoll/Content/Artwork/Animation/miniBoss1_anim/miniBoss1_run.uasset" 332
"../../../../../../Users/peter/Documents/Unreal Projects/MagDoll/Content/Artwork/Animation/miniBoss1_anim/miniBoss1_walk.uasset" 333
"../../../../../../Users/peter/Documents/Unreal Projects/MagDoll/Content/Character/miniBoss_anim.uasset" 334
"../../../../../../Users/peter/Documents/Unreal Projects/MagDoll/Content/Artwork/Animation/miniBoss1_anim/miniBoss1_death.uasset" 335
"../../../../../../Users/peter/Documents/Unreal Projects/MagDoll/Content/Artwork/Animation/miniBoss1_anim/miniBoss1_punch.uasset" 336
"../../../../../../Users/peter/Documents/Unreal Projects/MagDoll/Content/AI/EnemyBoard.uasset" 337
"../../../../../../Users/peter/Documents/Unreal Projects/MagDoll/Content/AI/BossBoard.uasset" 338
"../../../../../../Users/peter/Documents/Unreal Projects/MagDoll/Content/Character/boss_tpose_Skeleton.uasset" 339
"../../../../../../Users/peter/Documents/Unreal Projects/MagDoll/Content/Artwork/Animation/Boss_anim/boss_charge.uasset" 340
"../../../../../../Users/peter/Documents/Unreal Projects/MagDoll/Content/Artwork/Animation/Boss_anim/boss_idle.uasset" 341
"../../../../../../Users/peter/Documents/Unreal Projects/MagDoll/Content/Artwork/Animation/Boss_anim/boss_run.uasset" 342
"../../../../../../Users/peter/Documents/Unreal Projects/MagDoll/Content/Artwork/Animation/Boss_anim/boss_walk.uasset" 343
"../../../../../../Users/peter/Documents/Unreal Projects/MagDoll/Content/Character/boss_anim.uasset" 344
"../../../../../../Users/peter/Documents/Unreal Projects/MagDoll/Content/Artwork/Animation/Boss_anim/boss_death.uasset" 345
"../../../../../../Users/peter/Documents/Unreal Projects/MagDoll/Content/Artwork/Animation/Boss_anim/boss_punch.uasset" 346
"../../../Engine/Content/BasicShapes/BasicShapeMaterial.uasset" 347
"../../../Engine/Content/BasicShapes/Cylinder.uasset" 348
"../../../../../../Users/peter/Documents/Unreal Projects/MagDoll/Content/Environment/Pole.uasset" 349
"../../../../../../Users/peter/Documents/Unreal Projects/MagDoll/Content/BossBar.uasset" 350
"../../../../../../Users/peter/Documents/Unreal Projects/MagDoll/Content/Character/boss_tpose_PhysicsAsset.uasset" 351
"../../../../../../Users/peter/Documents/Unreal Projects/MagDoll/Content/Character/boss_tpose.uasset" 352
"../../../../../../Users/peter/Documents/Unreal Projects/MagDoll/Content/StarterContent/Textures/T_Burst_M.uasset" 353
"../../../../../../Users/peter/Documents/Unreal Projects/MagDoll/Content/StarterContent/Particles/Materials/M_Burst.uasset" 354
"../../../../../../Users/peter/Documents/Unreal Projects/MagDoll/Content/StarterContent/Textures/T_Explosion_SubUV.uasset" 355
"../../../../../../Users/peter/Documents/Unreal Projects/MagDoll/Content/StarterContent/Particles/Materials/M_explosion_subUV.uasset" 356
"../../../../../../Users/peter/Documents/Unreal Projects/MagDoll/Content/StarterContent/Particles/Materials/m_flare_01.uasset" 357
"../../../Engine/Content/Functions/Engine_MaterialFunctions01/Gradient/RadialGradient.uasset" 358
"../../../../../../Users/peter/Documents/Unreal Projects/MagDoll/Content/StarterContent/Particles/Materials/M_radial_ramp.uasset" 359
"../../../../../../Users/peter/Documents/Unreal Projects/MagDoll/Content/StarterContent/Textures/T_Smoke_SubUV.uasset" 360
"../../../../../../Users/peter/Documents/Unreal Projects/MagDoll/Content/StarterContent/Textures/T_Smoke_Tiled_D.uasset" 361
"../../../../../../Users/peter/Documents/Unreal Projects/MagDoll/Content/StarterContent/Particles/Materials/M_smoke_subUV.uasset" 362
"../../../../../../Users/peter/Documents/Unreal Projects/MagDoll/Content/StarterContent/Particles/P_Explosion.uasset" 363
"../../../../../../Users/peter/Documents/Unreal Projects/MagDoll/Content/StarterContent/Particles/P_Smoke.uasset" 364
"../../../../../../Users/peter/Documents/Unreal Projects/MagDoll/Content/WinScreen.uasset" 365
"../../../../../../Users/peter/Documents/Unreal Projects/MagDoll/Content/AI/BigBoss.uasset" 366
"../../../../../../Users/peter/Documents/Unreal Projects/MagDoll/Content/AI/BetterMoveTo.uasset" 367
"../../../../../../Users/peter/Documents/Unreal Projects/MagDoll/Content/AI/ClearFocusBoss.uasset" 368
"../../../../../../Users/peter/Documents/Unreal Projects/MagDoll/Content/AI/GetPlayerLocation.uasset" 369
"../../../../../../Users/peter/Documents/Unreal Projects/MagDoll/Content/AI/GetTargetLocation.uasset" 370
"../../../../../../Users/peter/Documents/Unreal Projects/MagDoll/Content/AI/GoToLastLocation.uasset" 371
"../../../../../../Users/peter/Documents/Unreal Projects/MagDoll/Content/AI/SetFocusBoss.uasset" 372
"../../../../../../Users/peter/Documents/Unreal Projects/MagDoll/Content/AI/BossTree.uasset" 373
"../../../../../../Users/peter/Documents/Unreal Projects/MagDoll/Content/AI/BossBoard_2.uasset" 374
"../../../../../../Users/peter/Documents/Unreal Projects/MagDoll/Content/AI/BetterMoveToBoss.uasset" 375
"../../../../../../Users/peter/Documents/Unreal Projects/MagDoll/Content/AI/BossCollide.uasset" 376
"../../../../../../Users/peter/Documents/Unreal Projects/MagDoll/Content/AI/GetRoamLocBoss.uasset" 377
"../../../../../../Users/peter/Documents/Unreal Projects/MagDoll/Content/AI/SetSpeedBoss.uasset" 378
"../../../../../../Users/peter/Documents/Unreal Projects/MagDoll/Content/AI/BossTree_2.uasset" 379
"../../../../../../Users/peter/Documents/Unreal Projects/MagDoll/Content/AI/BossController.uasset" 380
"../../../../../../Users/peter/Documents/Unreal Projects/MagDoll/Content/AI/AttackAnimation.uasset" 381
"../../../../../../Users/peter/Documents/Unreal Projects/MagDoll/Content/AI/ClearFocusEnemy.uasset" 382
"../../../../../../Users/peter/Documents/Unreal Projects/MagDoll/Content/AI/GetRoamLocation.uasset" 383
"../../../../../../Users/peter/Documents/Unreal Projects/MagDoll/Content/AI/SetFocusEnemy.uasset" 384
"../../../../../../Users/peter/Documents/Unreal Projects/MagDoll/Content/AI/setSpeedEnemy.uasset" 385
"../../../../../../Users/peter/Documents/Unreal Projects/MagDoll/Content/AI/EnemyTree.uasset" 386
"../../../../../../Users/peter/Documents/Unreal Projects/MagDoll/Content/AI/EnemyController.uasset" 387
"../../../../../../Users/peter/Documents/Unreal Projects/MagDoll/Content/Character/Texture/mini_boss_miniBoss1_BaseColor.uasset" 388
"../../../../../../Users/peter/Documents/Unreal Projects/MagDoll/Content/Character/Materials/miniBoss1_mat.uasset" 389
"../../../../../../Users/peter/Documents/Unreal Projects/MagDoll/Content/Character/miniBoss1_tpose_PhysicsAsset.uasset" 390
"../../../../../../Users/peter/Documents/Unreal Projects/MagDoll/Content/Character/miniBoss1_tpose.uasset" 391
"../../../../../../Users/peter/Documents/Unreal Projects/MagDoll/Content/AI/SmartEnemy.uasset" 392
"../../../../../../Users/peter/Documents/Unreal Projects/MagDoll/Content/Blueprints/CameraWork/CameraMaster.uasset" 393
"../../../../../../Users/peter/Documents/Unreal Projects/MagDoll/Content/Blueprints/CameraWork/DoorCam.uasset" 394
"../../../../../../Users/peter/Documents/Unreal Projects/MagDoll/Content/Blueprints/CameraWork/CamHandlerOutsideLeft.uasset" 395
"../../../../../../Users/peter/Documents/Unreal Projects/MagDoll/Content/Blueprints/CameraWork/CamHandlerOutsideRight.uasset" 396
"../../../../../../Users/peter/Documents/Unreal Projects/MagDoll/Content/Artwork/Art_Props/SM_Sphere.uasset" 397
"../../../../../../Users/peter/Documents/Unreal Projects/MagDoll/Content/Blueprints/Props/BP_PhysicsPickupMaster.uasset" 398
"../../../../../../Users/peter/Documents/Unreal Projects/MagDoll/Content/Environment/DoorManager.uasset" 399
"../../../../../../Users/peter/Documents/Unreal Projects/MagDoll/Content/Artwork/Textures/key/key_key_BaseColor.uasset" 400
"../../../../../../Users/peter/Documents/Unreal Projects/MagDoll/Content/Artwork/Textures/key/key_key_Normal.uasset" 401
"../../../../../../Users/peter/Documents/Unreal Projects/MagDoll/Content/Artwork/Textures/key/key_key_OcclusionRoughnessMetallic.uasset" 402
"../../../../../../Users/peter/Documents/Unreal Projects/MagDoll/Content/Artwork/Textures/key/key.uasset" 403
"../../../../../../Users/peter/Documents/Unreal Projects/MagDoll/Content/getKeyPickup.uasset" 404
"../../../../../../Users/peter/Documents/Unreal Projects/MagDoll/Content/Artwork/Models/lambert1.uasset" 405
"../../../../../../Users/peter/Documents/Unreal Projects/MagDoll/Content/Artwork/Models/key_pCylinder1.uasset" 406
"../../../../../../Users/peter/Documents/Unreal Projects/MagDoll/Content/StarterContent/Textures/T_Spark_Core.uasset" 407
"../../../../../../Users/peter/Documents/Unreal Projects/MagDoll/Content/StarterContent/Particles/Materials/M_Spark.uasset" 408
"../../../../../../Users/peter/Documents/Unreal Projects/MagDoll/Content/Environment/NewParticleSystem.uasset" 409
"../../../../../../Users/peter/Documents/Unreal Projects/MagDoll/Content/Music_Sound/Key_Chime.uasset" 410
"../../../../../../Users/peter/Documents/Unreal Projects/MagDoll/Content/Environment/Key.uasset" 411
"../../../../../../Users/peter/Documents/Unreal Projects/MagDoll/Content/Artwork/Textures/Magnet/magnet_magnet_BaseColor.uasset" 412
"../../../../../../Users/peter/Documents/Unreal Projects/MagDoll/Content/Artwork/Textures/Magnet/magnet_magnet_Normal.uasset" 413
"../../../../../../Users/peter/Documents/Unreal Projects/MagDoll/Content/Artwork/Textures/Magnet/magnet_magnet_OcclusionRoughnessMetallic.uasset" 414
"../../../../../../Users/peter/Documents/Unreal Projects/MagDoll/Content/Artwork/Textures/Magnet/magnet.uasset" 415
"../../../../../../Users/peter/Documents/Unreal Projects/MagDoll/Content/Artwork/Models/magnet.uasset" 416
"../../../../../../Users/peter/Documents/Unreal Projects/MagDoll/Content/Artwork/Textures/main/doll_doll_Normal.uasset" 417
"../../../../../../Users/peter/Documents/Unreal Projects/MagDoll/Content/Artwork/Textures/main/doll_doll_OcclusionRoughnessMetallic.uasset" 418
"../../../../../../Users/peter/Documents/Unreal Projects/MagDoll/Content/Character/Texture/doll_doll_BaseColor.uasset" 419
"../../../../../../Users/peter/Documents/Unreal Projects/MagDoll/Content/Character/Materials/01_-_Default.uasset" 420
"../../../../../../Users/peter/Documents/Unreal Projects/MagDoll/Content/Character/main_tpose_PhysicsAsset.uasset" 421
"../../../../../../Users/peter/Documents/Unreal Projects/MagDoll/Content/Character/char_main_tpose.uasset" 422
"../../../../../../Users/peter/Documents/Unreal Projects/MagDoll/Content/Character/NewParticle/ULASER/Textures/T_BeamPulse.uasset" 423
"../../../../../../Users/peter/Documents/Unreal Projects/MagDoll/Content/Character/NewParticle/ULASER/Materials/M_Pulse.uasset" 424
"../../../../../../Users/peter/Documents/Unreal Projects/MagDoll/Content/Character/NewParticle/ULASER/Particles/P_PulseBeam.uasset" 425
"../../../../../../Users/peter/Documents/Unreal Projects/MagDoll/Content/GameOver.uasset" 426
"../../../../../../Users/peter/Documents/Unreal Projects/MagDoll/Content/Character/MainCharacter.uasset" 427
"../../../../../../Users/peter/Documents/Unreal Projects/MagDoll/Content/GameMode/MagDoll.uasset" 428
"../../Plugins/2D/Paper2D/Content/PlaceholderTextures/DummySpriteTexture.uasset" 429
"../../Plugins/2D/Paper2D/Content/DummySprite.uasset" 430
"../../Plugins/2D/Paper2D/Content/DefaultPaperTerrainMaterial.uasset" 431
"../../Plugins/2D/Paper2D/Content/DefaultSpriteMaterial.uasset" 432
"../../Plugins/2D/Paper2D/Content/MaskedUnlitSpriteMaterial.uasset" 433
"../../Plugins/2D/Paper2D/Content/OpaqueUnlitSpriteMaterial.uasset" 434
"../../Plugins/Enterprise/DatasmithContent/Content/Blueprints/FBXImporter/ArrayOfActor.uasset" 435
"../../Plugins/Enterprise/DatasmithContent/Content/Blueprints/FBXImporter/ArrayOfSwitch.uasset" 436
"../../Plugins/Enterprise/DatasmithContent/Content/Blueprints/FBXImporter/BP_SceneNode.uasset" 437
"../../Plugins/Enterprise/DatasmithContent/Content/Blueprints/FBXImporter/BP_Switch.uasset" 438
"../../Plugins/Enterprise/DatasmithContent/Content/Blueprints/FBXImporter/BP_SceneRoot.uasset" 439
"../../Plugins/Enterprise/DatasmithContent/Content/Blueprints/FBXImporter/FBXImporterUtils.uasset" 440
"../../Plugins/Enterprise/DatasmithContent/Content/Blueprints/FBXImporter/Animation/DeltaGenAnimationTrackType.uasset" 441
"../../Plugins/Enterprise/DatasmithContent/Content/Blueprints/FBXImporter/Animation/VREDAnimationTrackComponent.uasset" 442
"../../Plugins/Enterprise/DatasmithContent/Content/Blueprints/FBXImporter/Animation/VREDAnimationTrackType.uasset" 443
"../../Plugins/Enterprise/DatasmithContent/Content/Blueprints/FBXImporter/Animation/VREDAnimCurveComponent.uasset" 444
"../../Plugins/Enterprise/DatasmithContent/Content/Blueprints/FBXImporter/Animation/VREDAnimCurveType.uasset" 445
"../../Plugins/Enterprise/DatasmithContent/Content/Blueprints/FBXImporter/Variants/VariantSwitchType.uasset" 446
"../../Plugins/Enterprise/DatasmithContent/Content/Blueprints/FBXImporter/Variants/VREDVariantSwitchType.uasset" 447
"../../Plugins/Enterprise/DatasmithContent/Content/Blueprints/FBXImporter/Variants/VREDVariantType.uasset" 448
"../../Plugins/Runtime/Oculus/OculusVR/Content/OculusMR_RenderTarget.uasset" 449
"../../../Engine/Content/Functions/Engine_MaterialFunctions02/Utility/BreakOutFloat4Components.uasset" 450
"../../Plugins/Runtime/Oculus/OculusVR/Content/Materials/OculusMR_ChromaKey.uasset" 451
"../../Plugins/Runtime/Oculus/OculusVR/Content/Materials/OculusMR_ChromaKey_Lit.uasset" 452
"../../Plugins/Runtime/Oculus/OculusVR/Content/Materials/OculusMR_OpaqueColoredMaterial.uasset" 453
"../../Plugins/Runtime/Oculus/OculusVR/Content/Materials/OculusMR_WhiteMaterial.uasset" 454
"../../Plugins/Runtime/Oculus/OculusVR/Content/Materials/PokeAHoleMaterial.uasset" 455
"../../Plugins/Runtime/Oculus/OculusVR/Content/Textures/GearVRController_AO.uasset" 456
"../../Plugins/Runtime/Oculus/OculusVR/Content/Textures/GearVRController_Color.uasset" 457
"../../Plugins/Runtime/Oculus/OculusVR/Content/Textures/GearVRController_Normal.uasset" 458
"../../Plugins/Runtime/Oculus/OculusVR/Content/Materials/GearVRControllerMaterial.uasset" 459
"../../Plugins/Runtime/Oculus/OculusVR/Content/Meshes/GearVrController.uasset" 460
"../../Plugins/Runtime/Oculus/OculusVR/Content/Textures/touchController_albedo.uasset" 461
"../../Plugins/Runtime/Oculus/OculusVR/Content/Textures/touchController_controlmap.uasset" 462
"../../Plugins/Runtime/Oculus/OculusVR/Content/Materials/touchController_mat.uasset" 463
"../../Plugins/Runtime/Oculus/OculusVR/Content/Meshes/LeftTouchController.uasset" 464
"../../Plugins/Runtime/Oculus/OculusVR/Content/Meshes/RiftHMD.uasset" 465
"../../Plugins/Runtime/Oculus/OculusVR/Content/Meshes/RightTouchController.uasset" 466
"../../../Engine/Content/Maps/Entry_BuiltData.uasset" 467
"../../../Engine/Content/Maps/Entry.umap" 468
"../../../Engine/Content/EngineSky/C_Sky_Cloud_Color.uasset" 469
"../../../Engine/Content/EngineSky/C_Sky_Horizon_Color.uasset" 470
"../../../Engine/Content/EngineSky/C_Sky_Zenith_Color.uasset" 471
"../../../Engine/Content/EngineSky/T_Sky_Blue.uasset" 472
"../../../Engine/Content/EngineSky/T_Sky_Clouds_M.uasset" 473
"../../../Engine/Content/EngineSky/T_Sky_Stars.uasset" 474
"../../../Engine/Content/EngineSky/M_Sky_Panning_Clouds2.uasset" 475
"../../../Engine/Content/EngineSky/SM_SkySphere.uasset" 476
"../../../Engine/Content/EngineSky/BP_Sky_Sphere.uasset" 477
"../../../../../../Users/peter/Documents/Unreal Projects/MagDoll/Content/Blueprints/CameraWork/CamHandlerInside.uasset" 478
"../../../Engine/Content/BasicShapes/Cube.uasset" 479
"../../../../../../Users/peter/Documents/Unreal Projects/MagDoll/Content/Blueprints/Lighting/PlaceholderSwitch.uasset" 480
"../../../../../../Users/peter/Documents/Unreal Projects/MagDoll/Content/Blueprints/PB_Magnets/Monopole.uasset" 481
"../../../../../../Users/peter/Documents/Unreal Projects/MagDoll/Content/Blueprints/PB_Magnets/BP_Cable.uasset" 482
"../../../../../../Users/peter/Documents/Unreal Projects/MagDoll/Content/Environment/BlockStep.uasset" 483
"../../../../../../Users/peter/Documents/Unreal Projects/MagDoll/Content/Environment/Bounce.uasset" 484
"../../../../../../Users/peter/Documents/Unreal Projects/MagDoll/Content/Environment/Door.uasset" 485
"../../../../../../Users/peter/Documents/Unreal Projects/MagDoll/Content/Environment/EnemySpawn.uasset" 486
"../../../../../../Users/peter/Documents/Unreal Projects/MagDoll/Content/Environment/KeySpawn.uasset" 487
"../../../../../../Users/peter/Documents/Unreal Projects/MagDoll/Content/DollHouse64_BuiltData.uasset" 488
"../../../../../../Users/peter/Documents/Unreal Projects/MagDoll/Content/Artwork/Materials/Mt_NorthPole.uasset" 489
"../../../../../../Users/peter/Documents/Unreal Projects/MagDoll/Content/Artwork/Materials/Mt_SouthPole.uasset" 490
"../../../../../../Users/peter/Documents/Unreal Projects/MagDoll/Content/Artwork/Textures/bed_textures/bededit_1001_BaseColor.uasset" 491
"../../../../../../Users/peter/Documents/Unreal Projects/MagDoll/Content/Artwork/Textures/bed_textures/bededit_1001_Normal.uasset" 492
"../../../../../../Users/peter/Documents/Unreal Projects/MagDoll/Content/Artwork/Textures/bed_textures/bededit_1001_OcclusionRoughnessMetallic.uasset" 493
"../../../../../../Users/peter/Documents/Unreal Projects/MagDoll/Content/Artwork/Textures/bed_textures/bed.uasset" 494
"../../../../../../Users/peter/Documents/Unreal Projects/MagDoll/Content/Artwork/Textures/bookshelf/bookshelf_bookshelf1_BaseColor.uasset" 495
"../../../../../../Users/peter/Documents/Unreal Projects/MagDoll/Content/Artwork/Textures/bookshelf/bookshelf_bookshelf1_Normal.uasset" 496
"../../../../../../Users/peter/Documents/Unreal Projects/MagDoll/Content/Artwork/Textures/bookshelf/bookshelf_bookshelf1_OcclusionRoughnessMetallic.uasset" 497
"../../../../../../Users/peter/Documents/Unreal Projects/MagDoll/Content/Artwork/Textures/bookshelf/bookshelf_bookshelf1_BaseColor_Mat.uasset" 498
"../../../../../../Users/peter/Documents/Unreal Projects/MagDoll/Content/Artwork/Textures/Chest_textures/chest_1001_BaseColor.uasset" 499
"../../../../../../Users/peter/Documents/Unreal Projects/MagDoll/Content/Artwork/Textures/Chest_textures/chest_1001_BaseColor_Mat.uasset" 500
"../../../../../../Users/peter/Documents/Unreal Projects/MagDoll/Content/Artwork/Textures/coffee_table/coffee_table_coffee_table_BaseColor.uasset" 501
"../../../../../../Users/peter/Documents/Unreal Projects/MagDoll/Content/Artwork/Textures/coffee_table/coffee_table_coffee_table_Normal.uasset" 502
"../../../../../../Users/peter/Documents/Unreal Projects/MagDoll/Content/Artwork/Textures/coffee_table/coffee_table_coffee_table_OcclusionRoughnessMetallic.uasset" 503
"../../../../../../Users/peter/Documents/Unreal Projects/MagDoll/Content/Artwork/Textures/coffee_table/coffee_table_coffee_table_BaseColor_Mat.uasset" 504
"../../../../../../Users/peter/Documents/Unreal Projects/MagDoll/Content/Artwork/Textures/door/door_frame_door_frame_BaseColor.uasset" 505
"../../../../../../Users/peter/Documents/Unreal Projects/MagDoll/Content/Artwork/Textures/door/door_frame_door_frame_Normal.uasset" 506
"../../../../../../Users/peter/Documents/Unreal Projects/MagDoll/Content/Artwork/Textures/door/door_frame_door_frame_OcclusionRoughnessMetallic.uasset" 507
"../../../../../../Users/peter/Documents/Unreal Projects/MagDoll/Content/Artwork/Textures/door/door_frame_door_frame_BaseColor_Mat.uasset" 508
"../../../../../../Users/peter/Documents/Unreal Projects/MagDoll/Content/Artwork/Textures/Floor_textures/ground_floor_bottom_floor_BaseColor.uasset" 509
"../../../../../../Users/peter/Documents/Unreal Projects/MagDoll/Content/Artwork/Textures/Floor_textures/ground_floor_bottom_floor_Normal.uasset" 510
"../../../../../../Users/peter/Documents/Unreal Projects/MagDoll/Content/Artwork/Textures/Floor_textures/ground_floor_bottom_floor_OcclusionRoughnessMetallic.uasset" 511
"../../../../../../Users/peter/Documents/Unreal Projects/MagDoll/Content/Artwork/Textures/Floor_textures/ground_floor_bottom_floor_BaseColor_Mat.uasset" 512
"../../../../../../Users/peter/Documents/Unreal Projects/MagDoll/Content/Artwork/Textures/Floor_textures/ground_floor_kitchen_floor_BaseColor.uasset" 513
"../../../../../../Users/peter/Documents/Unreal Projects/MagDoll/Content/Artwork/Textures/Floor_textures/ground_floor_kitchen_floor_Normal.uasset" 514
"../../../../../../Users/peter/Documents/Unreal Projects/MagDoll/Content/Artwork/Textures/Floor_textures/ground_floor_kitchen_floor_OcclusionRoughnessMetallic.uasset" 515
"../../../../../../Users/peter/Documents/Unreal Projects/MagDoll/Content/Artwork/Textures/Floor_textures/ground_floor_kitchen_floor_BaseColor_Mat.uasset" 516
"../../../../../../Users/peter/Documents/Unreal Projects/MagDoll/Content/Artwork/Textures/kitchen/cabinetedit_1001_BaseColor.uasset" 517
"../../../../../../Users/peter/Documents/Unreal Projects/MagDoll/Content/Artwork/Textures/kitchen/cabinetedit_1001_Normal.uasset" 518
"../../../../../../Users/peter/Documents/Unreal Projects/MagDoll/Content/Artwork/Textures/kitchen/cabinetedit_1001_OcclusionRoughnessMetallic.uasset" 519
"../../../../../../Users/peter/Documents/Unreal Projects/MagDoll/Content/Artwork/Textures/kitchen/cabinets.uasset" 520
"../../../../../../Users/peter/Documents/Unreal Projects/MagDoll/Content/Artwork/Textures/Ladder_textures/ladder_ladder_BaseColor.uasset" 521
"../../../../../../Users/peter/Documents/Unreal Projects/MagDoll/Content/Artwork/Textures/Ladder_textures/ladder_ladder_Normal.uasset" 522
"../../../../../../Users/peter/Documents/Unreal Projects/MagDoll/Content/Artwork/Textures/Ladder_textures/ladder_ladder_OcclusionRoughnessMetallic.uasset" 523
"../../../../../../Users/peter/Documents/Unreal Projects/MagDoll/Content/Artwork/Textures/Ladder_textures/ladder_ladder_BaseColor_Mat.uasset" 524
"../../../../../../Users/peter/Documents/Unreal Projects/MagDoll/Content/Artwork/Textures/Lamp_texture/lamp_pole_lamp_pole_BaseColor.uasset" 525
"../../../../../../Users/peter/Documents/Unreal Projects/MagDoll/Content/Artwork/Textures/Lamp_texture/lamp_pole_lamp_pole_Normal.uasset" 526
"../../../../../../Users/peter/Documents/Unreal Projects/MagDoll/Content/Artwork/Textures/Lamp_texture/lamp_pole_lamp_pole_OcclusionRoughnessMetallic.uasset" 527
"../../../../../../Users/peter/Documents/Unreal Projects/MagDoll/Content/Artwork/Textures/Lamp_texture/lamp_pole_lamp_pole_BaseColor_Mat.uasset" 528
"../../../../../../Users/peter/Documents/Unreal Projects/MagDoll/Content/Artwork/Textures/Lamp_texture/lamp_shade_lamp_shade_BaseColor.uasset" 529
"../../../../../../Users/peter/Documents/Unreal Projects/MagDoll/Content/Artwork/Textures/Lamp_texture/lamp_shade_lamp_shade_Normal.uasset" 530
"../../../../../../Users/peter/Documents/Unreal Projects/MagDoll/Content/Artwork/Textures/Lamp_texture/lamp_shade_lamp_shade_OcclusionRoughnessMetallic.uasset" 531
"../../../../../../Users/peter/Documents/Unreal Projects/MagDoll/Content/Artwork/Textures/Lamp_texture/lamp_shade_lamp_shade_BaseColor_Mat.uasset" 532
"../../../../../../Users/peter/Documents/Unreal Projects/MagDoll/Content/Artwork/Textures/long_couch_textures/long_living_texture_1001_BaseColor.uasset" 533
"../../../../../../Users/peter/Documents/Unreal Projects/MagDoll/Content/Artwork/Textures/long_couch_textures/long_living_texture_1001_Normal.uasset" 534
"../../../../../../Users/peter/Documents/Unreal Projects/MagDoll/Content/Artwork/Textures/long_couch_textures/long_living_texture_1001_OcclusionRoughnessMetallic.uasset" 535
"../../../../../../Users/peter/Documents/Unreal Projects/MagDoll/Content/Artwork/Textures/long_couch_textures/long_couch.uasset" 536
"../../../../../../Users/peter/Documents/Unreal Projects/MagDoll/Content/Artwork/Textures/long_couch_textures/long_couch_long_couch_BaseColor.uasset" 537
"../../../../../../Users/peter/Documents/Unreal Projects/MagDoll/Content/Artwork/Textures/long_couch_textures/long_couch_long_couch_Normal.uasset" 538
"../../../../../../Users/peter/Documents/Unreal Projects/MagDoll/Content/Artwork/Textures/long_couch_textures/long_couch_long_couch_OcclusionRoughnessMetallic.uasset" 539
"../../../../../../Users/peter/Documents/Unreal Projects/MagDoll/Content/Artwork/Textures/long_couch_textures/reading_long_couch.uasset" 540
"../../../../../../Users/peter/Documents/Unreal Projects/MagDoll/Content/Artwork/Textures/nightstand_texture/nightstand_1001_BaseColor.uasset" 541
"../../../../../../Users/peter/Documents/Unreal Projects/MagDoll/Content/Artwork/Textures/nightstand_texture/nightstand_1001_Metallic.uasset" 542
"../../../../../../Users/peter/Documents/Unreal Projects/MagDoll/Content/Artwork/Textures/nightstand_texture/nightstand_1001_Normal.uasset" 543
"../../../../../../Users/peter/Documents/Unreal Projects/MagDoll/Content/Artwork/Textures/nightstand_texture/nightstand_1001_Roughness.uasset" 544
"../../../../../../Users/peter/Documents/Unreal Projects/MagDoll/Content/Artwork/Textures/nightstand_texture/nightstand_1001_BaseColor_Mat.uasset" 545
"../../../../../../Users/peter/Documents/Unreal Projects/MagDoll/Content/Artwork/Textures/small_couch_texture/small_couch_small_couch_BaseColor.uasset" 546
"../../../../../../Users/peter/Documents/Unreal Projects/MagDoll/Content/Artwork/Textures/small_couch_texture/small_couch_small_couch_Normal.uasset" 547
"../../../../../../Users/peter/Documents/Unreal Projects/MagDoll/Content/Artwork/Textures/small_couch_texture/small_couch_small_couch_OcclusionRoughnessMetallic.uasset" 548
"../../../../../../Users/peter/Documents/Unreal Projects/MagDoll/Content/Artwork/Textures/small_couch_texture/small_couch_small_couch_BaseColor_Mat.uasset" 549
"../../../../../../Users/peter/Documents/Unreal Projects/MagDoll/Content/Artwork/Textures/wall_textures/side_wall_b_wall_b_BaseColor.uasset" 550
"../../../../../../Users/peter/Documents/Unreal Projects/MagDoll/Content/Artwork/Textures/wall_textures/side_wall_b_wall_b_BaseColor_Mat.uasset" 551
"../../../../../../Users/peter/Documents/Unreal Projects/MagDoll/Content/Character/Materials/Glass.uasset" 552
"../../../Engine/Content/MapTemplates/SM_Template_Map_Floor.uasset" 553
"../../../../../../Users/peter/Documents/Unreal Projects/MagDoll/Content/Artwork/Models/bar_stool.uasset" 554
"../../../../../../Users/peter/Documents/Unreal Projects/MagDoll/Content/Artwork/Models/initialShadingGroup1.uasset" 555
"../../../../../../Users/peter/Documents/Unreal Projects/MagDoll/Content/Artwork/Models/bededit.uasset" 556
"../../../../../../Users/peter/Documents/Unreal Projects/MagDoll/Content/Artwork/Models/bookshelf.uasset" 557
"../../../../../../Users/peter/Documents/Unreal Projects/MagDoll/Content/Artwork/Models/lambert2.uasset" 558
"../../../../../../Users/peter/Documents/Unreal Projects/MagDoll/Content/Artwork/Models/cabinetedit.uasset" 559
"../../../../../../Users/peter/Documents/Unreal Projects/MagDoll/Content/Artwork/Models/china_cabinent.uasset" 560
"../../../../../../Users/peter/Documents/Unreal Projects/MagDoll/Content/Artwork/Models/coffee_table.uasset" 561
"../../../../../../Users/peter/Documents/Unreal Projects/MagDoll/Content/Artwork/Models/desk.uasset" 562
"../../../../../../Users/peter/Documents/Unreal Projects/MagDoll/Content/Artwork/Models/desk_stamp_pCylinder1.uasset" 563
"../../../../../../Users/peter/Documents/Unreal Projects/MagDoll/Content/Artwork/Models/desk_stamp_pPipe1.uasset" 564
"../../../../../../Users/peter/Documents/Unreal Projects/MagDoll/Content/Artwork/Models/door_frame.uasset" 565
"../../../../../../Users/peter/Documents/Unreal Projects/MagDoll/Content/Artwork/Models/drawer.uasset" 566
"../../../../../../Users/peter/Documents/Unreal Projects/MagDoll/Content/Artwork/Models/Islandedit.uasset" 567
"../../../../../../Users/peter/Documents/Unreal Projects/MagDoll/Content/Artwork/Models/kitchen_table.uasset" 568
"../../../../../../Users/peter/Documents/Unreal Projects/MagDoll/Content/Artwork/Models/ladder.uasset" 569
"../../../../../../Users/peter/Documents/Unreal Projects/MagDoll/Content/Artwork/Models/lamp_pole.uasset" 570
"../../../../../../Users/peter/Documents/Unreal Projects/MagDoll/Content/Artwork/Models/lamp_shade.uasset" 571
"../../../../../../Users/peter/Documents/Unreal Projects/MagDoll/Content/Artwork/Models/living_room_small_couch.uasset" 572
"../../../../../../Users/peter/Documents/Unreal Projects/MagDoll/Content/Artwork/Models/long_couch.uasset" 573
"../../../../../../Users/peter/Documents/Unreal Projects/MagDoll/Content/Artwork/Models/long_living_texture.uasset" 574
"../../../../../../Users/peter/Documents/Unreal Projects/MagDoll/Content/Artwork/Models/night_stand.uasset" 575
"../../../../../../Users/peter/Documents/Unreal Projects/MagDoll/Content/Artwork/Models/small_couch.uasset" 576
"../../../../../../Users/peter/Documents/Unreal Projects/MagDoll/Content/Artwork/Models/stairs.uasset" 577
"../../../../../../Users/peter/Documents/Unreal Projects/MagDoll/Content/healthbar.uasset" 578
"../../../../../../Users/peter/Documents/Unreal Projects/MagDoll/Content/Models/GreyBox/lambert1.uasset" 579
"../../../../../../Users/peter/Documents/Unreal Projects/MagDoll/Content/Models/GreyBox/floor.uasset" 580
"../../../../../../Users/peter/Documents/Unreal Projects/MagDoll/Content/Models/GreyBox/floor_hole.uasset" 581
"../../../../../../Users/peter/Documents/Unreal Projects/MagDoll/Content/Models/GreyBox/greybox_house_back_wall.uasset" 582
"../../../../../../Users/peter/Documents/Unreal Projects/MagDoll/Content/Models/GreyBox/greybox_house_side_wall8.uasset" 583
"../../../../../../Users/peter/Documents/Unreal Projects/MagDoll/Content/Models/GreyBox/greybox_house_side_wall9.uasset" 584
"../../../../../../Users/peter/Documents/Unreal Projects/MagDoll/Content/StarterContent/Blueprints/Assets/Skybox.uasset" 585
"../../../../../../Users/peter/Documents/Unreal Projects/MagDoll/Content/DollHouse64.umap" 586
"../../../../../../Users/peter/Documents/Unreal Projects/MagDoll/Content/TitleLevel_BuiltData.uasset" 587
"../../../../../../Users/peter/Documents/Unreal Projects/MagDoll/Content/TitleScreen.uasset" 588
"../../../../../../Users/peter/Documents/Unreal Projects/MagDoll/Content/TitleLevel.umap" 589
